[12/02 16:15:55]    DEBUG | Initial log file: logs/oculairmedia.log (log.py:100)
[12/02 16:15:55]    DEBUG | Installed via git, config-examples is in the local folder. (utils.py:139)
[12/02 16:15:55]     INFO | Checking for updates... (utils.py:64)
[12/02 16:15:55]     INFO | Bot is updated. (utils.py:78)
[12/02 16:15:55]     INFO | GramAddict v.3.2.12 (utils.py:81)
[12/02 16:15:55]     INFO | Loading plugins . . . (plugin_loader.py:30)
[12/02 16:15:55]     INFO |   - ActionUnfollowFollowers: Handles the functionality of unfollowing your followers (plugin_loader.py:45)
[12/02 16:15:55]     INFO |   - ClonedApp: Adds support for cloned apps (plugin_loader.py:45)
[12/02 16:15:55]     INFO |   - CoreArguments: Simply adds core arguments (plugin_loader.py:45)
[12/02 16:15:55]     INFO |   - DataAnalytics: Generates a PDF analytics report of current username session data (plugin_loader.py:45)
[12/02 16:15:55]     INFO |   - DBInitPlugin: Initialize NocoDB tables at session start (plugin_loader.py:45)
[12/02 16:15:55]     INFO |   - InteractBloggerPostLikers: Handles the functionality of interacting with a blogger (plugin_loader.py:45)
[12/02 16:15:55]     INFO |   - InteractBloggerFollowers_Following: Handles the functionality of interacting with a bloggers followers/following (plugin_loader.py:45)
[12/02 16:15:55]     INFO |   - InteractBloggerPostLikers: Handles the functionality of interacting with a blogger post likers (plugin_loader.py:45)
[12/02 16:15:55]     INFO |   - InteractOwnFeed: Handles the functionality of interacting with your own feed (plugin_loader.py:45)
[12/02 16:15:55]     INFO |   - InteractHashtagLikers: Handles the functionality of interacting with a hashtags likers (plugin_loader.py:45)
[12/02 16:15:55]     INFO |   - InteractHashtagPosts: Handles the functionality of interacting with a hashtags post owners (plugin_loader.py:45)
[12/02 16:15:55]     INFO |   - InteractPlaceLikers: Handles the functionality of interacting with a places likers (plugin_loader.py:45)
[12/02 16:15:55]     INFO |   - InteractPlacePosts: Handles the functionality of interacting with a places post owners (plugin_loader.py:45)
[12/02 16:15:55]     INFO |   - LikeFromURLs: Likes a post from url. The urls are read from a plaintext file (plugin_loader.py:45)
[12/02 16:15:55]     INFO |   - NocoDBRecordCreationTest: Test plugin specifically for verifying NocoDB record creation functionality (plugin_loader.py:45)
[12/02 16:15:55]     INFO |   - NocoDBStorage: Store interaction data in NocoDB (plugin_loader.py:45)
[12/02 16:15:55]     INFO |   - RemoveFollowersFromList: Remove account followers from a list of usernames (plugin_loader.py:45)
[12/02 16:15:55]     INFO |   - TelegramReports: Generate reports at the end of the session and send them using telegram (plugin_loader.py:45)
[12/02 16:15:55]    DEBUG | Arguments used: --config /app/accounts/oculairmedia/config.yml --use-nocodb --debug (config.py:160)
[12/02 16:15:55]    DEBUG | Config used: {'username': 'oculairmedia', 'device': '192.168.50.202:42356', 'app-id': 'com.instagram.android', 'use-cloned-app': False, 'allow-untested-ig-version': True, 'screen-sleep': True, 'screen-record': False, 'speed-multiplier': 0.4, 'debug': False, 'close-apps': True, 'kill-atx-agent': False, 'restart-atx-agent': False, 'disable-block-detection': False, 'disable-filters': False, 'dont-type': False, 'use-nocodb': True, 'init-db': True, 'total-crashes-limit': 5, 'count-app-crashes': False, 'shuffle-jobs': True, 'truncate-sources': '2-3', 'hashtag-posts-recent': ['motiongraphics', 'c4d', '3dart', 'motiondesign', 'animation', 'cgi', '3danimation', 'mograph', 'octane', 'redshift', 'sidefx', 'houdini', 'proceduralart'], 'blogger-followers': ['laundry_studios', 'tinjutkin', 'peter_tarka', 'perry__cooper', 'antonin.work', 'mauro_cosenza'], 'feed': '2-5', 'watch-video-time': '20-45', 'watch-photo-time': '5-15', 'delete-interacted-users': True, 'comment-percentage': '15-25', 'pm-percentage': '5-10', 'delete-removed-followers': True, 'analytics': False, 'telegram-reports': False, 'interactions-count': '15-25', 'likes-count': '1-2', 'likes-percentage': '70-80', 'stories-count': '1-2', 'stories-percentage': '30-40', 'carousel-count': '1-2', 'carousel-percentage': '40-50', 'interact-percentage': '35-45', 'follow-percentage': '25-35', 'follow-limit': 30, 'skipped-list-limit': '8-12', 'skipped-posts-limit': 4, 'fling-when-skipped': 0, 'min-following': 100, 'max-comments-pro-user': 1, 'total-likes-limit': '80-120', 'total-follows-limit': '20-30', 'total-unfollows-limit': 30, 'total-watches-limit': '60-100', 'total-successful-interactions-limit': '60-100', 'total-interactions-limit': '120-180', 'total-comments-limit': '8-12', 'total-pm-limit': '5-8', 'total-scraped-limit': '100-150', 'end-if-likes-limit-reached': True, 'end-if-follows-limit-reached': True, 'end-if-watches-limit-reached': True, 'end-if-comments-limit-reached': True, 'end-if-pm-limit-reached': True, 'working-hours': ['00.00-23.59'], 'time-delta': '25-45', 'repeat': '280-320', 'total-sessions': -1} (config.py:162)
[12/02 16:15:56]    DEBUG | Connected devices via adb: 1. That's ok. (utils.py:169)
[12/02 16:15:56]     INFO | Time delta has set to 00:33:17. (utils.py:719)
[12/02 16:15:56]    DEBUG | Whole day mode. (session_state.py:266)
[12/02 16:15:56]    DEBUG | Phone Name: taimen, SDK Version: 30 (device_facade.py:29)
[12/02 16:15:56]    DEBUG | Screen dimension: 1440x2824 (device_facade.py:34)
[12/02 16:15:56]    DEBUG | Screen resolution: 411x823 (device_facade.py:37)
[12/02 16:15:56]    DEBUG | Device ID: 192.168.50.202:42356 (device_facade.py:40)
[12/02 16:15:56]     INFO | Screen timeout is fine! (utils.py:230)
[12/02 16:15:56]     INFO | -------- START: 16:15:56 - 2024/12/02 -------- (bot_flow.py:132)
[12/02 16:15:57]     INFO | Device screen ON and unlocked. (bot_flow.py:149)
[12/02 16:15:57]     INFO | Open Instagram app. (utils.py:239)
[12/02 16:15:57]    DEBUG | Instagram called successfully. (utils.py:252)
[12/02 16:15:57]     INFO | Ready for botting!🤫 (utils.py:270)
[12/02 16:15:57]    DEBUG | 4.94s sleep (utils.py:467)
[12/02 16:16:02]     INFO | Close all the other apps, to avoid interferences... (utils.py:274)
[12/02 16:16:04]    DEBUG | 5.70s sleep (utils.py:467)
[12/02 16:16:09]    DEBUG | Setting FastInputIME as default keyboard. (utils.py:277)
[12/02 16:16:11]     INFO | FastInputIME is the default keyboard. (utils.py:300)
[12/02 16:16:15]     INFO | Instagram version: 300.0.0.29.110 (bot_flow.py:153)
[12/02 16:16:15]    DEBUG | Navigating to main account... (views.py:1088)
[12/02 16:16:25]    DEBUG | Single click in (1268,2758). Surface: (1244-1349,2684-2789) (device_facade.py:474)
[12/02 16:16:26]    DEBUG | 6.78s sleep (utils.py:467)
[12/02 16:16:33]    DEBUG | Checking if app is in English.. (navigation.py:21)
[12/02 16:16:37]    DEBUG | Instagram in English. (navigation.py:28)
[12/02 16:16:37]     INFO | You are already logged as oculairmedia! (views.py:1100)
[12/02 16:16:38]     INFO | Refresh account... (views.py:1144)
[12/02 16:16:38]    DEBUG | Swipe from: (702,630) to (692,908). (device_facade.py:306)
[12/02 16:16:39]    DEBUG | 0.3s sleep (utils.py:467)
[12/02 16:16:40]    DEBUG | 0.90s sleep (utils.py:467)
[12/02 16:16:44]     INFO | Hello, @oculairmedia! You have 1239 followers and 1038 followings so far. (bot_flow.py:229)
[12/02 16:16:44]     INFO | You have infinite session(s) left. You can stop the bot by pressing CTRL+C in console. (bot_flow.py:231)
[12/02 16:16:47]     INFO | There is/are 5 active-job(s) and 0 unfollow-job(s) scheduled for this session. (bot_flow.py:251)
[12/02 16:16:47]     INFO | NocoDB config found - plugin will handle initialization (storage.py:46)
[12/02 16:16:47]  WARNING | accounts/oculairmedia/filters.yml has been saved last time at 2024-12-02 08:21:02 (filter.py:138)
[12/02 16:16:47]     INFO | ---------------------------------------------------------------------- (filter.py:160)
[12/02 16:16:47]     INFO | Filters recap (no spell check!)     Value (filter.py:161)
[12/02 16:16:47]     INFO | ---------------------------------------------------------------------- (filter.py:165)
[12/02 16:16:47]     INFO | skip_if_private                     False (filter.py:168)
[12/02 16:16:47]     INFO | skip_business                       False (filter.py:168)
[12/02 16:16:47]     INFO | skip_non_business                   False (filter.py:168)
[12/02 16:16:47]     INFO | skip_following                      True (filter.py:168)
[12/02 16:16:47]     INFO | skip_if_link_in_bio                 False (filter.py:168)
[12/02 16:16:47]     INFO | follow_private_or_empty             True (filter.py:168)
[12/02 16:16:47]     INFO | min_followers                       100 (filter.py:173)
[12/02 16:16:47]     INFO | max_followers                       100000 (filter.py:173)
[12/02 16:16:47]     INFO | min_followings                      10 (filter.py:173)
[12/02 16:16:47]     INFO | max_followings                      15000 (filter.py:173)
[12/02 16:16:47]     INFO | min_potency_ratio                   0.01 (filter.py:173)
[12/02 16:16:47]     INFO | max_potency_ratio                   50.0 (filter.py:173)
[12/02 16:16:47]     INFO | min_posts                           3 (filter.py:173)
[12/02 16:16:47]     INFO | mutual_friends                      0 (filter.py:173)
[12/02 16:16:47]     INFO | blacklist                           ['follow4follow', 'f4f', 'l4l', 'onlyfans', 'forex', 'crypto', 'nft', 'binary', 'invest', 'porn', 'xxx', 'betting', 'gambling', 'loan', 'diet', 'weight loss', 'make money'] (filter.py:173)
[12/02 16:16:47]     INFO | specific_alphabet                   ['LATIN'] (filter.py:173)
[12/02 16:16:47]     INFO | min_likers                          1 (filter.py:173)
[12/02 16:16:47]     INFO | max_likers                          100000 (filter.py:173)
[12/02 16:16:47]     INFO | comment_photos                      True (filter.py:168)
[12/02 16:16:47]     INFO | comment_videos                      True (filter.py:168)
[12/02 16:16:47]     INFO | comment_carousels                   True (filter.py:168)
[12/02 16:16:47]     INFO | comment_blogger_followers           True (filter.py:168)
[12/02 16:16:47]     INFO | comment_hashtag_posts_recent        True (filter.py:168)
[12/02 16:16:47]     INFO | comment_hashtag_posts_top           True (filter.py:168)
[12/02 16:16:47]     INFO | ---------------------------------------------------------------------- (utils.py:338)
[12/02 16:16:47]     INFO | Session ending conditions:          Value (utils.py:342)
[12/02 16:16:47]     INFO | ---------------------------------------------------------------------- (utils.py:346)
[12/02 16:16:47]     INFO | Likes:                              True (utils.py:350)
[12/02 16:16:47]     INFO | Follows:                            True (utils.py:354)
[12/02 16:16:48]     INFO | Watches:                            True (utils.py:358)
[12/02 16:16:48]     INFO | Comments:                           True (utils.py:362)
[12/02 16:16:48]     INFO | PM:                                 True (utils.py:366)
[12/02 16:16:48]     INFO | Total actions:                      True (not mutable) (utils.py:370)
[12/02 16:16:48]     INFO | Total successfull actions:          True (not mutable) (utils.py:374)
[12/02 16:16:48]     INFO | For more info -> https://github.com/GramAddict/docs/blob/main/configuration.md#ending-session-conditions (utils.py:378)
[12/02 16:16:48]     INFO | ---------------------------------------------------------------------- (utils.py:382)
[12/02 16:16:48]    DEBUG | Whole day mode. (session_state.py:266)
[12/02 16:16:48]     INFO | Checking session limits: (session_state.py:155)
[12/02 16:16:48]     INFO | - Total Likes:				OK (0/120) (session_state.py:155)
[12/02 16:16:48]     INFO | - Total Comments:				OK (0/8) (session_state.py:155)
[12/02 16:16:48]     INFO | - Total PM:					OK (0/6) (session_state.py:155)
[12/02 16:16:48]     INFO | - Total Followed:				OK (0/29) (session_state.py:155)
[12/02 16:16:48]     INFO | - Total Unfollowed:				OK (0/30) (session_state.py:155)
[12/02 16:16:48]     INFO | - Total Watched:				OK (0/81) (session_state.py:155)
[12/02 16:16:48]     INFO | - Total Successful Interactions:		OK (0/72) (session_state.py:155)
[12/02 16:16:48]     INFO | - Total Interactions:			OK (0/151) (session_state.py:155)
[12/02 16:16:48]     INFO | - Total Crashes:				OK (0/5) (session_state.py:155)
[12/02 16:16:48]     INFO | - Total Successful Scraped Users:		OK (0/141) (session_state.py:155)
[12/02 16:16:48]     INFO | Current active-job: use-nocodb (bot_flow.py:321)
[12/02 16:16:48]     INFO | NocoDB reference set in storage (nocodb_storage.py:195)
[12/02 16:16:48]    DEBUG | Whole day mode. (session_state.py:266)
[12/02 16:16:48]     INFO | Checking session limits: (session_state.py:155)
[12/02 16:16:48]     INFO | - Total Likes:				OK (0/120) (session_state.py:155)
[12/02 16:16:48]     INFO | - Total Comments:				OK (0/8) (session_state.py:155)
[12/02 16:16:48]     INFO | - Total PM:					OK (0/6) (session_state.py:155)
[12/02 16:16:48]     INFO | - Total Followed:				OK (0/29) (session_state.py:155)
[12/02 16:16:48]     INFO | - Total Unfollowed:				OK (0/30) (session_state.py:155)
[12/02 16:16:48]     INFO | - Total Watched:				OK (0/81) (session_state.py:155)
[12/02 16:16:48]     INFO | - Total Successful Interactions:		OK (0/72) (session_state.py:155)
[12/02 16:16:48]     INFO | - Total Interactions:			OK (0/151) (session_state.py:155)
[12/02 16:16:48]     INFO | - Total Crashes:				OK (0/5) (session_state.py:155)
[12/02 16:16:48]     INFO | - Total Successful Scraped Users:		OK (0/141) (session_state.py:155)
[12/02 16:16:49]     INFO | Current active-job: hashtag-posts-recent (bot_flow.py:321)
[12/02 16:16:49]     INFO | Source list truncated at 2 items. (utils.py:647)
[12/02 16:16:49]     INFO | In this session, these sources will be handled: proceduralart, sidefx (utils.py:650)
[12/02 16:16:49]    DEBUG | Checking session limits: (session_state.py:158)
[12/02 16:16:49]    DEBUG | - Total Likes:				OK (0/120) (session_state.py:158)
[12/02 16:16:49]    DEBUG | - Total Comments:				OK (0/8) (session_state.py:158)
[12/02 16:16:49]    DEBUG | - Total PM:					OK (0/6) (session_state.py:158)
[12/02 16:16:49]    DEBUG | - Total Followed:				OK (0/29) (session_state.py:158)
[12/02 16:16:49]    DEBUG | - Total Unfollowed:				OK (0/30) (session_state.py:158)
[12/02 16:16:49]    DEBUG | - Total Watched:				OK (0/81) (session_state.py:158)
[12/02 16:16:49]    DEBUG | - Total Successful Interactions:		OK (0/72) (session_state.py:158)
[12/02 16:16:49]    DEBUG | - Total Interactions:			OK (0/151) (session_state.py:158)
[12/02 16:16:49]    DEBUG | - Total Crashes:				OK (0/5) (session_state.py:158)
[12/02 16:16:49]    DEBUG | - Total Successful Scraped Users:		OK (0/141) (session_state.py:158)
[12/02 16:16:49]     INFO | Handle #proceduralart (interact_hashtag_posts.py:85)
[12/02 16:16:49]     INFO | Interactions count: 24 (utils.py:607)
[12/02 16:16:49]     INFO | Chance of watching stories: 37% (utils.py:607)
[12/02 16:16:49]     INFO | Chance of liking: 71% (utils.py:607)
[12/02 16:16:49]     INFO | Chance of following: 27% (utils.py:607)
[12/02 16:16:49]     INFO | Chance of commenting: 22% (utils.py:607)
[12/02 16:16:49]     INFO | Chance of interacting: 40% (utils.py:607)
[12/02 16:16:49]     INFO | Chance of send PM: 10% (utils.py:607)
[12/02 16:16:49]     INFO | Skipped post limit: 4 (utils.py:607)
[12/02 16:16:49]    DEBUG | Navigate to SEARCH (views.py:138)
[12/02 16:16:50]    DEBUG | Single click in (440,2686). Surface: (288-576,2649-2824) (device_facade.py:474)
[12/02 16:16:50]    DEBUG | 4.16s sleep (utils.py:467)
[12/02 16:16:55]    DEBUG | Single click in (366,2737). Surface: (288-576,2649-2824) (device_facade.py:474)
[12/02 16:16:55]    DEBUG | 4.17s sleep (utils.py:467)
[12/02 16:17:00]     INFO | Navigate to #proceduralart (views.py:397)
[12/02 16:17:00]    DEBUG | Pressing on searchbar. (views.py:400)
[12/02 16:17:00]    DEBUG | Single click in (1139,219). Surface: (42-1370,146-259) (device_facade.py:474)
[12/02 16:17:00]    DEBUG | 4.26s sleep (utils.py:467)
[12/02 16:17:06]    DEBUG | Single click in (495,186). Surface: (196-1370,146-259) (device_facade.py:474)
[12/02 16:17:06]    DEBUG | 3.65s sleep (utils.py:467)
[12/02 16:17:10]    DEBUG | 0.70s sleep (utils.py:467)
[12/02 16:17:11]    DEBUG | Text typed in: 0.70s (device_facade.py:732)
[12/02 16:17:11]    DEBUG | 3.45s sleep (utils.py:467)
[12/02 16:17:16]    DEBUG | Single click in (378,677). Surface: (322-599,644-701) (device_facade.py:474)
[12/02 16:17:16]    DEBUG | 7.19s sleep (utils.py:467)
[12/02 16:17:23]     INFO | #proceduralart is in top view. (views.py:413)
[12/02 16:17:23]     INFO | Switching to Recent tab. (navigation.py:72)
[12/02 16:17:32]    DEBUG | Recent Tab doesn't exists. (views.py:254)
[12/02 16:17:37]    DEBUG | Checking session limits: (session_state.py:158)
[12/02 16:17:37]    DEBUG | - Total Likes:				OK (0/120) (session_state.py:158)
[12/02 16:17:37]    DEBUG | - Total Comments:				OK (0/8) (session_state.py:158)
[12/02 16:17:37]    DEBUG | - Total PM:					OK (0/6) (session_state.py:158)
[12/02 16:17:37]    DEBUG | - Total Followed:				OK (0/29) (session_state.py:158)
[12/02 16:17:37]    DEBUG | - Total Unfollowed:				OK (0/30) (session_state.py:158)
[12/02 16:17:37]    DEBUG | - Total Watched:				OK (0/81) (session_state.py:158)
[12/02 16:17:37]    DEBUG | - Total Successful Interactions:		OK (0/72) (session_state.py:158)
[12/02 16:17:37]    DEBUG | - Total Interactions:			OK (0/151) (session_state.py:158)
[12/02 16:17:37]    DEBUG | - Total Crashes:				OK (0/5) (session_state.py:158)
[12/02 16:17:37]    DEBUG | - Total Successful Scraped Users:		OK (0/141) (session_state.py:158)
[12/02 16:17:37]     INFO | Handle #sidefx (interact_hashtag_posts.py:85)
[12/02 16:17:37]     INFO | Interactions count: 22 (utils.py:607)
[12/02 16:17:37]     INFO | Chance of watching stories: 36% (utils.py:607)
[12/02 16:17:37]     INFO | Chance of liking: 75% (utils.py:607)
[12/02 16:17:37]     INFO | Chance of following: 32% (utils.py:607)
[12/02 16:17:37]     INFO | Chance of commenting: 20% (utils.py:607)
[12/02 16:17:37]     INFO | Chance of interacting: 39% (utils.py:607)
[12/02 16:17:37]     INFO | Chance of send PM: 8% (utils.py:607)
[12/02 16:17:37]     INFO | Skipped post limit: 4 (utils.py:607)
[12/02 16:17:37]    DEBUG | Navigate to SEARCH (views.py:138)
[12/02 16:17:38]    DEBUG | Single click in (372,2733). Surface: (288-576,2649-2824) (device_facade.py:474)
[12/02 16:17:38]    DEBUG | 3.40s sleep (utils.py:467)
[12/02 16:17:42]    DEBUG | Single click in (462,2738). Surface: (288-576,2649-2824) (device_facade.py:474)
[12/02 16:17:42]    DEBUG | 2.68s sleep (utils.py:467)
[12/02 16:17:45]     INFO | Navigate to #sidefx (views.py:397)
[12/02 16:17:45]    DEBUG | Pressing on searchbar. (views.py:400)
[12/02 16:17:45]    DEBUG | Single click in (763,188). Surface: (42-1370,146-259) (device_facade.py:474)
[12/02 16:17:46]    DEBUG | 3.12s sleep (utils.py:467)
[12/02 16:17:49]    DEBUG | Single click in (805,193). Surface: (42-1370,146-259) (device_facade.py:474)
[12/02 16:17:50]    DEBUG | 4.81s sleep (utils.py:467)
[12/02 16:17:55]    DEBUG | 0.39s sleep (utils.py:467)
[12/02 16:17:56]    DEBUG | Text typed in: 0.86s (device_facade.py:732)
[12/02 16:17:56]    DEBUG | 3.02s sleep (utils.py:467)
[12/02 16:18:00]    DEBUG | Single click in (351,929). Surface: (322-462,896-953) (device_facade.py:474)
[12/02 16:18:00]    DEBUG | 2.80s sleep (utils.py:467)
[12/02 16:18:03]     INFO | #sidefx is in top view. (views.py:413)
[12/02 16:18:03]     INFO | Switching to Recent tab. (navigation.py:72)
[12/02 16:18:12]    DEBUG | Recent Tab doesn't exists. (views.py:254)
[12/02 16:18:17]    DEBUG | Whole day mode. (session_state.py:266)
[12/02 16:18:17]     INFO | Checking session limits: (session_state.py:155)
[12/02 16:18:17]     INFO | - Total Likes:				OK (0/120) (session_state.py:155)
[12/02 16:18:17]     INFO | - Total Comments:				OK (0/8) (session_state.py:155)
[12/02 16:18:17]     INFO | - Total PM:					OK (0/6) (session_state.py:155)
[12/02 16:18:17]     INFO | - Total Followed:				OK (0/29) (session_state.py:155)
[12/02 16:18:17]     INFO | - Total Unfollowed:				OK (0/30) (session_state.py:155)
[12/02 16:18:17]     INFO | - Total Watched:				OK (0/81) (session_state.py:155)
[12/02 16:18:17]     INFO | - Total Successful Interactions:		OK (0/72) (session_state.py:155)
[12/02 16:18:17]     INFO | - Total Interactions:			OK (0/151) (session_state.py:155)
[12/02 16:18:17]     INFO | - Total Crashes:				OK (0/5) (session_state.py:155)
[12/02 16:18:17]     INFO | - Total Successful Scraped Users:		OK (0/141) (session_state.py:155)
[12/02 16:18:18]    DEBUG | Not in your main profile. (bot_flow.py:283)
[12/02 16:18:18]    DEBUG | Navigate to PROFILE (views.py:138)
[12/02 16:18:18]    DEBUG | Single click in (1260,2789). Surface: (1152-1440,2649-2824) (device_facade.py:474)
[12/02 16:18:19]    DEBUG | 3.09s sleep (utils.py:467)
[12/02 16:18:22]     INFO | Current active-job: feed (bot_flow.py:321)
[12/02 16:18:22]    DEBUG | Checking session limits: (session_state.py:158)
[12/02 16:18:22]    DEBUG | - Total Likes:				OK (0/120) (session_state.py:158)
[12/02 16:18:22]    DEBUG | - Total Comments:				OK (0/8) (session_state.py:158)
[12/02 16:18:22]    DEBUG | - Total PM:					OK (0/6) (session_state.py:158)
[12/02 16:18:22]    DEBUG | - Total Followed:				OK (0/29) (session_state.py:158)
[12/02 16:18:22]    DEBUG | - Total Unfollowed:				OK (0/30) (session_state.py:158)
[12/02 16:18:22]    DEBUG | - Total Watched:				OK (0/81) (session_state.py:158)
[12/02 16:18:22]    DEBUG | - Total Successful Interactions:		OK (0/72) (session_state.py:158)
[12/02 16:18:22]    DEBUG | - Total Interactions:			OK (0/151) (session_state.py:158)
[12/02 16:18:22]    DEBUG | - Total Crashes:				OK (0/5) (session_state.py:158)
[12/02 16:18:22]    DEBUG | - Total Successful Scraped Users:		OK (0/141) (session_state.py:158)
[12/02 16:18:22]     INFO | Interact with your own feed (interact_feed.py:57)
[12/02 16:18:22]     INFO | Interactions count: 19 (utils.py:607)
[12/02 16:18:22]     INFO | Chance of watching stories: 36% (utils.py:607)
[12/02 16:18:22]     INFO | Chance of liking: 80% (utils.py:607)
[12/02 16:18:22]     INFO | Chance of following: 35% (utils.py:607)
[12/02 16:18:22]     INFO | Chance of commenting: 24% (utils.py:607)
[12/02 16:18:22]     INFO | Chance of interacting: 35% (utils.py:607)
[12/02 16:18:22]     INFO | Chance of send PM: 7% (utils.py:607)
[12/02 16:18:22]     INFO | Skipped post limit: 4 (utils.py:607)
[12/02 16:18:22]    DEBUG | Navigate to HOME (views.py:138)
[12/02 16:18:23]    DEBUG | Single click in (115,2675). Surface: (0-288,2649-2824) (device_facade.py:474)
[12/02 16:18:24]    DEBUG | 4.00s sleep (utils.py:467)
[12/02 16:18:28]    DEBUG | Single click in (109,2741). Surface: (0-288,2649-2824) (device_facade.py:474)
[12/02 16:18:28]    DEBUG | 2.81s sleep (utils.py:467)
[12/02 16:18:31]     INFO | Feed interact count: 2 (utils.py:607)
[12/02 16:18:31]     INFO | Refresh feed.. (views.py:784)
[12/02 16:18:35]    DEBUG | Reload page. (views.py:2112)
[12/02 16:18:35]    DEBUG | Swipe from: (721,1412) to (662,1868). (device_facade.py:306)
[12/02 16:18:36]    DEBUG | 0.69s sleep (utils.py:467)
[12/02 16:18:37]    DEBUG | 7.69s sleep (utils.py:467)
[12/02 16:18:45]    DEBUG | Checking if it's an AD or an hashtag.. (views.py:992)
[12/02 16:18:49]    DEBUG | Can't find the description of chancerichie72's post, try to swipe a little bit down. (views.py:753)
[12/02 16:18:49]    DEBUG | Swipe from: (759,1412) to (768,1198). (device_facade.py:306)
[12/02 16:18:50]    DEBUG | 0.32s sleep (utils.py:467)
[12/02 16:18:52]    DEBUG | Can't find the description of chancerichie72's post, try to swipe a little bit down. (views.py:753)
[12/02 16:18:52]    DEBUG | Swipe from: (621,1412) to (716,1220). (device_facade.py:306)
[12/02 16:18:53]    DEBUG | 2.04s sleep (utils.py:467)
[12/02 16:18:58]    DEBUG | Can't find the description of chancerichie72's post, try to swipe a little bit down. (views.py:753)
[12/02 16:18:58]    DEBUG | Swipe from: (776,1412) to (710,1227). (device_facade.py:306)
[12/02 16:19:00]    DEBUG | 0.98s sleep (utils.py:467)
[12/02 16:19:01]    DEBUG | Description found! (views.py:719)
[12/02 16:19:03]    DEBUG | I can see 2 media(s) in this view.. (views.py:564)
[12/02 16:19:03]    DEBUG | Likers container exists! (views.py:581)
[12/02 16:19:04]     INFO | This post has more than 1 like. (views.py:610)
[12/02 16:19:06]    DEBUG | We don't know how many likers this post has. (filter.py:183)
[12/02 16:19:06]     INFO | @chancerichie72: interact (handle_sources.py:585)
[12/02 16:19:07]     INFO | - Total Likes:				OK (0/120) (session_state.py:177)
[12/02 16:19:08]     INFO | It's a Reel. (views.py:903)
[12/02 16:19:09]     INFO | Watching video for 37.49s. (views.py:1315)
[12/02 16:19:46]    DEBUG | Checking for block... (views.py:2120)
[12/02 16:19:49]    DEBUG | Check if like succeeded in post view. (views.py:969)
[12/02 16:19:50]    DEBUG | Like is not present. (views.py:979)
[12/02 16:19:52]    DEBUG | I can see 2 media(s) in this view.. (views.py:564)
[12/02 16:19:52]    DEBUG | Likers container exists! (views.py:581)
[12/02 16:19:53]     INFO | This post has more than 1 like. (views.py:610)
[12/02 16:19:53]     INFO | Clicking on the little heart ❤️. (views.py:955)
[12/02 16:19:53]    DEBUG | Single click in (93,2417). Surface: (21-175,2386-2547) (device_facade.py:474)
[12/02 16:19:54]    DEBUG | 5.35s sleep (utils.py:467)
[12/02 16:19:59]    DEBUG | Checking for block... (views.py:2120)
[12/02 16:20:02]    DEBUG | Check if like succeeded in post view. (views.py:969)
[12/02 16:20:03]    DEBUG | Like is present. (views.py:976)
[12/02 16:20:03]     INFO | Interacted feed bloggers: 1/2 (handle_sources.py:609)
[12/02 16:20:03]    DEBUG | - Total Likes:				OK (1/120) (session_state.py:179)
[12/02 16:20:03]    DEBUG | - Total Successful Interactions:		OK (0/72) (session_state.py:221)
[12/02 16:20:03]    DEBUG | - Total Interactions:			OK (0/151) (session_state.py:228)
[12/02 16:20:05]    DEBUG | Swipe from: (804,2381) to (677,1201). (device_facade.py:306)
[12/02 16:20:05]    DEBUG | 1.73s sleep (utils.py:467)
[12/02 16:20:07]     INFO | Scroll down to see next post. (views.py:487)
[12/02 16:20:10]    DEBUG | Swipe from: (693,1524) to (678,404). (device_facade.py:306)
[12/02 16:20:11]    DEBUG | 1.41s sleep (utils.py:467)
[12/02 16:20:13]    DEBUG | Checking if it's an AD or an hashtag.. (views.py:992)
[12/02 16:20:13]    DEBUG | Object exists but doesn't contain any text. (device_facade.py:674)
[12/02 16:20:13]     INFO | Can't find the owner name, need to use OCR. (views.py:999)
[12/02 16:20:13]    ERROR | You need to install pytesseract (the wrapper: pip install pytesseract) in order to use OCR feature. (views.py:1005)
[12/02 16:20:13]    DEBUG | Looks like an AD, skip. (views.py:1019)
[12/02 16:20:15]    DEBUG | Description found! (views.py:719)
[12/02 16:20:17]    DEBUG | I can see 1 media(s) in this view.. (views.py:564)
[12/02 16:20:18]    DEBUG | Likers container exists! (views.py:581)
[12/02 16:20:18]     INFO | This post has more than 1 like. (views.py:610)
[12/02 16:20:21]    DEBUG | Swipe from: (762,1986) to (704,994). (device_facade.py:306)
[12/02 16:20:22]    DEBUG | 2.14s sleep (utils.py:467)
[12/02 16:20:25]     INFO | Scroll down to see next post. (views.py:487)
[12/02 16:20:27]    DEBUG | Swipe from: (685,1526) to (640,355). (device_facade.py:306)
[12/02 16:20:29]    DEBUG | 1.66s sleep (utils.py:467)
[12/02 16:20:31]    DEBUG | Checking if it's an AD or an hashtag.. (views.py:992)
[12/02 16:20:32]    DEBUG | Looks like an AD, skip. (views.py:1019)
[12/02 16:20:34]    DEBUG | Swipe from: (774,1412) to (673,1235). (device_facade.py:306)
[12/02 16:20:36]    DEBUG | 2.37s sleep (utils.py:467)
[12/02 16:20:40]    DEBUG | Swipe from: (795,1412) to (663,1196). (device_facade.py:306)
[12/02 16:20:42]    DEBUG | 1.43s sleep (utils.py:467)
[12/02 16:20:46]    DEBUG | Can't find the description of microsoftcanada  's post, try to swipe a little bit down. (views.py:753)
[12/02 16:20:46]    DEBUG | Swipe from: (691,1412) to (802,1227). (device_facade.py:306)
[12/02 16:20:48]    DEBUG | 2.17s sleep (utils.py:467)
[12/02 16:20:53]    DEBUG | Can't find the description of microsoftcanada  's post, try to swipe a little bit down. (views.py:753)
[12/02 16:20:53]    DEBUG | Swipe from: (694,1412) to (639,1222). (device_facade.py:306)
[12/02 16:20:54]    DEBUG | 2.01s sleep (utils.py:467)
[12/02 16:20:59]    DEBUG | Can't find the description of microsoftcanada  's post, try to swipe a little bit down. (views.py:753)
[12/02 16:20:59]    DEBUG | Swipe from: (748,1412) to (681,1233). (device_facade.py:306)
[12/02 16:21:00]    DEBUG | 0.34s sleep (utils.py:467)
[12/02 16:21:02]    DEBUG | Can't find the description of microsoftcanada  's post, try to swipe a little bit down. (views.py:753)
[12/02 16:21:03]    DEBUG | Swipe from: (676,1412) to (808,1223). (device_facade.py:306)
[12/02 16:21:04]    DEBUG | 2.04s sleep (utils.py:467)
[12/02 16:21:09]    DEBUG | Can't find the description of microsoftcanada  's post, try to swipe a little bit down. (views.py:753)
[12/02 16:21:09]    DEBUG | Swipe from: (713,1412) to (761,1189). (device_facade.py:306)
[12/02 16:21:11]    DEBUG | 2.04s sleep (utils.py:467)
[12/02 16:21:15]    DEBUG | Can't find the description of microsoftcanada  's post, try to swipe a little bit down. (views.py:753)
[12/02 16:21:15]    DEBUG | Swipe from: (644,1412) to (705,1233). (device_facade.py:306)
[12/02 16:21:16]    DEBUG | 0.54s sleep (utils.py:467)
[12/02 16:21:19]    DEBUG | Can't find the description of microsoftcanada  's post, try to swipe a little bit down. (views.py:753)
[12/02 16:21:19]    DEBUG | Swipe from: (777,1412) to (793,1214). (device_facade.py:306)
[12/02 16:21:20]    DEBUG | 0.61s sleep (utils.py:467)
[12/02 16:21:23]    DEBUG | Can't find the description of microsoftcanada  's post, try to swipe a little bit down. (views.py:753)
[12/02 16:21:23]    DEBUG | Swipe from: (688,1412) to (618,1196). (device_facade.py:306)
[12/02 16:21:24]    DEBUG | 0.45s sleep (utils.py:467)
[12/02 16:21:27]    DEBUG | Can't find the description of microsoftcanada  's post, try to swipe a little bit down. (views.py:753)
[12/02 16:21:28]    DEBUG | Swipe from: (624,1412) to (692,1215). (device_facade.py:306)
